<?xml version="1.0" encoding="utf-8"?>
<TestRun id="b0b4f237-af5e-4f09-818d-9a8749f54995" name="Himasha Valantina@MSI 2026-04-05 22:39:06" runUser="MSI\Himasha Valantina" xmlns="http://microsoft.com/schemas/VisualStudio/TeamTest/2010">
  <Times creation="2026-04-05T22:39:06.1796455+05:30" queuing="2026-04-05T22:39:06.1796459+05:30" start="2026-04-05T22:33:45.5908914+05:30" finish="2026-04-05T22:44:24.2830478+05:30" />
  <TestSettings name="default" id="85a8571b-7f63-4dc2-90dd-ed40e344cc65">
    <Deployment runDeploymentRoot="Himasha_Valantina_MSI_2026-04-05_22_39_06" />
  </TestSettings>
  <Results>
    <UnitTestResult executionId="006a16aa-2531-4c40-9430-fdd415b6844e" testId="3eba2176-cf8f-318f-976a-012368215961" testName="Invalid_Login_Shows_Error_And_Stays_On_Login" computerName="MSI" duration="00:05:19.6030010" startTime="2026-04-05T22:33:46.4266871+05:30" endTime="2026-04-05T22:39:06.0296261+05:30" testType="13cdc9d9-ddb5-4fa4-a97d-d965ccfc6d4b" outcome="Failed" testListId="8c84fa94-04c1-424b-9868-57a2d4851a1d" relativeResultsDirectory="006a16aa-2531-4c40-9430-fdd415b6844e">
      <Output>
        <StdErr>22:39:05.883 ERROR SeleniumManager: error decoding response body</StdErr>
        <ErrorInfo>
          <Message>OpenQA.Selenium.WebDriverException : Selenium Manager process exited abnormally with 65 code: C:\Users\dines\OneDrive\Desktop\ERP\ERP_frontend\tests\E2E\ERP.E2E.Tests\bin\Debug\net9.0\runtimes\win\native\selenium-manager.exe  --browser "chrome" --language-binding csharp --output mixed&#xD;
--- Standard Output ---&#xD;
{&#xD;
  "driver_path": "",&#xD;
  "browser_path": "",&#xD;
  "error": "error decoding response body"&#xD;
}&#xD;
--- End Standard Output ---&#xD;
&#xD;
TearDown : System.NullReferenceException : Object reference not set to an instance of an object.</Message>
          <StackTrace>   at OpenQA.Selenium.Manager.SeleniumManager.RunCommandAsync[TResult](String arguments, JsonTypeInfo`1 jsonResultTypeInfo, CancellationToken cancellationToken)&#xD;
   at OpenQA.Selenium.Manager.SeleniumManager.DiscoverBrowserAsync(String name, BrowserDiscoveryOptions options, CancellationToken cancellationToken)&#xD;
   at OpenQA.Selenium.DriverFinder.DiscoverBinaryPathsAsync(CancellationToken cancellationToken)&#xD;
   at OpenQA.Selenium.DriverFinder.GetDriverPathAsync(CancellationToken cancellationToken)&#xD;
   at OpenQA.Selenium.Chromium.ChromiumDriver.GenerateDriverServiceCommandExecutorAsync(DriverService service, DriverOptions options, TimeSpan commandTimeout)&#xD;
   at OpenQA.Selenium.Chromium.ChromiumDriver.&lt;&gt;c__DisplayClass21_0.&lt;&lt;GenerateDriverServiceCommandExecutor&gt;b__0&gt;d.MoveNext()&#xD;
--- End of stack trace from previous location ---&#xD;
   at OpenQA.Selenium.Chromium.ChromiumDriver.GenerateDriverServiceCommandExecutor(DriverService service, DriverOptions options, TimeSpan commandTimeout)&#xD;
   at OpenQA.Selenium.Chromium.ChromiumDriver..ctor(ChromiumDriverService service, ChromiumOptions options, TimeSpan commandTimeout)&#xD;
   at OpenQA.Selenium.Chrome.ChromeDriver..ctor(ChromeDriverService service, ChromeOptions options, TimeSpan commandTimeout)&#xD;
   at OpenQA.Selenium.Chrome.ChromeDriver..ctor(ChromeOptions options)&#xD;
   at ERP.E2E.Tests.Infrastructure.WebDriverFactory.Create() in C:\Users\dines\OneDrive\Desktop\ERP\ERP_frontend\tests\E2E\ERP.E2E.Tests\Infrastructure\WebDriverFactory.cs:line 20&#xD;
   at ERP.E2E.Tests.Tests.LoginFlowTests.SetUp() in C:\Users\dines\OneDrive\Desktop\ERP\ERP_frontend\tests\E2E\ERP.E2E.Tests\Tests\LoginFlowTests.cs:line 16&#xD;
   at System.RuntimeMethodHandle.InvokeMethod(Object target, Void** arguments, Signature sig, Boolean isConstructor)&#xD;
   at System.Reflection.MethodBaseInvoker.InvokeWithNoArgs(Object obj, BindingFlags invokeAttr)&#xD;
--TearDown&#xD;
   at ERP.E2E.Tests.Tests.LoginFlowTests.TearDown() in C:\Users\dines\OneDrive\Desktop\ERP\ERP_frontend\tests\E2E\ERP.E2E.Tests\Tests\LoginFlowTests.cs:line 22&#xD;
   at System.RuntimeMethodHandle.InvokeMethod(Object target, Void** arguments, Signature sig, Boolean isConstructor)&#xD;
   at System.Reflection.MethodBaseInvoker.InvokeWithNoArgs(Object obj, BindingFlags invokeAttr)
</StackTrace>
        </ErrorInfo>
      </Output>
    </UnitTestResult>
    <UnitTestResult executionId="dfaca83a-9a69-440c-ac5c-80b63bace2dc" testId="48400ba1-cf1a-a465-e127-42b466ef6f9d" testName="Valid_Login_Shows_Home_Screen" computerName="MSI" duration="00:05:18.0624700" startTime="2026-04-05T22:39:06.0309423+05:30" endTime="2026-04-05T22:44:24.0934062+05:30" testType="13cdc9d9-ddb5-4fa4-a97d-d965ccfc6d4b" outcome="Failed" testListId="8c84fa94-04c1-424b-9868-57a2d4851a1d" relativeResultsDirectory="dfaca83a-9a69-440c-ac5c-80b63bace2dc">
      <Output>
        <StdErr>22:44:24.014 ERROR SeleniumManager: error decoding response body</StdErr>
        <ErrorInfo>
          <Message>OpenQA.Selenium.WebDriverException : Selenium Manager process exited abnormally with 65 code: C:\Users\dines\OneDrive\Desktop\ERP\ERP_frontend\tests\E2E\ERP.E2E.Tests\bin\Debug\net9.0\runtimes\win\native\selenium-manager.exe  --browser "chrome" --language-binding csharp --output mixed&#xD;
--- Standard Output ---&#xD;
{&#xD;
  "driver_path": "",&#xD;
  "browser_path": "",&#xD;
  "error": "error decoding response body"&#xD;
}&#xD;
--- End Standard Output ---&#xD;
&#xD;
TearDown : System.NullReferenceException : Object reference not set to an instance of an object.</Message>
          <StackTrace>   at OpenQA.Selenium.Manager.SeleniumManager.RunCommandAsync[TResult](String arguments, JsonTypeInfo`1 jsonResultTypeInfo, CancellationToken cancellationToken)&#xD;
   at OpenQA.Selenium.Manager.SeleniumManager.DiscoverBrowserAsync(String name, BrowserDiscoveryOptions options, CancellationToken cancellationToken)&#xD;
   at OpenQA.Selenium.DriverFinder.DiscoverBinaryPathsAsync(CancellationToken cancellationToken)&#xD;
   at OpenQA.Selenium.DriverFinder.GetDriverPathAsync(CancellationToken cancellationToken)&#xD;
   at OpenQA.Selenium.Chromium.ChromiumDriver.GenerateDriverServiceCommandExecutorAsync(DriverService service, DriverOptions options, TimeSpan commandTimeout)&#xD;
   at OpenQA.Selenium.Chromium.ChromiumDriver.&lt;&gt;c__DisplayClass21_0.&lt;&lt;GenerateDriverServiceCommandExecutor&gt;b__0&gt;d.MoveNext()&#xD;
--- End of stack trace from previous location ---&#xD;
   at OpenQA.Selenium.Chromium.ChromiumDriver.GenerateDriverServiceCommandExecutor(DriverService service, DriverOptions options, TimeSpan commandTimeout)&#xD;
   at OpenQA.Selenium.Chromium.ChromiumDriver..ctor(ChromiumDriverService service, ChromiumOptions options, TimeSpan commandTimeout)&#xD;
   at OpenQA.Selenium.Chrome.ChromeDriver..ctor(ChromeDriverService service, ChromeOptions options, TimeSpan commandTimeout)&#xD;
   at OpenQA.Selenium.Chrome.ChromeDriver..ctor(ChromeOptions options)&#xD;
   at ERP.E2E.Tests.Infrastructure.WebDriverFactory.Create() in C:\Users\dines\OneDrive\Desktop\ERP\ERP_frontend\tests\E2E\ERP.E2E.Tests\Infrastructure\WebDriverFactory.cs:line 20&#xD;
   at ERP.E2E.Tests.Tests.LoginFlowTests.SetUp() in C:\Users\dines\OneDrive\Desktop\ERP\ERP_frontend\tests\E2E\ERP.E2E.Tests\Tests\LoginFlowTests.cs:line 16&#xD;
   at InvokeStub_LoginFlowTests.SetUp(Object, Object, IntPtr*)&#xD;
   at System.Reflection.MethodBaseInvoker.InvokeWithNoArgs(Object obj, BindingFlags invokeAttr)&#xD;
--TearDown&#xD;
   at ERP.E2E.Tests.Tests.LoginFlowTests.TearDown() in C:\Users\dines\OneDrive\Desktop\ERP\ERP_frontend\tests\E2E\ERP.E2E.Tests\Tests\LoginFlowTests.cs:line 22&#xD;
   at InvokeStub_LoginFlowTests.TearDown(Object, Object, IntPtr*)&#xD;
   at System.Reflection.MethodBaseInvoker.InvokeWithNoArgs(Object obj, BindingFlags invokeAttr)
</StackTrace>
        </ErrorInfo>
      </Output>
    </UnitTestResult>
  </Results>
  <TestDefinitions>
    <UnitTest name="Invalid_Login_Shows_Error_And_Stays_On_Login" storage="c:\users\dines\onedrive\desktop\erp\erp_frontend\tests\e2e\erp.e2e.tests\bin\debug\net9.0\erp.e2e.tests.dll" id="3eba2176-cf8f-318f-976a-012368215961">
      <Execution id="006a16aa-2531-4c40-9430-fdd415b6844e" />
      <TestMethod codeBase="C:\Users\dines\OneDrive\Desktop\ERP\ERP_frontend\tests\E2E\ERP.E2E.Tests\bin\Debug\net9.0\ERP.E2E.Tests.dll" adapterTypeName="executor://nunit3testexecutor/" className="ERP.E2E.Tests.Tests.LoginFlowTests" name="Invalid_Login_Shows_Error_And_Stays_On_Login" />
    </UnitTest>
    <UnitTest name="Valid_Login_Shows_Home_Screen" storage="c:\users\dines\onedrive\desktop\erp\erp_frontend\tests\e2e\erp.e2e.tests\bin\debug\net9.0\erp.e2e.tests.dll" id="48400ba1-cf1a-a465-e127-42b466ef6f9d">
      <Execution id="dfaca83a-9a69-440c-ac5c-80b63bace2dc" />
      <TestMethod codeBase="C:\Users\dines\OneDrive\Desktop\ERP\ERP_frontend\tests\E2E\ERP.E2E.Tests\bin\Debug\net9.0\ERP.E2E.Tests.dll" adapterTypeName="executor://nunit3testexecutor/" className="ERP.E2E.Tests.Tests.LoginFlowTests" name="Valid_Login_Shows_Home_Screen" />
    </UnitTest>
  </TestDefinitions>
  <TestEntries>
    <TestEntry testId="3eba2176-cf8f-318f-976a-012368215961" executionId="006a16aa-2531-4c40-9430-fdd415b6844e" testListId="8c84fa94-04c1-424b-9868-57a2d4851a1d" />
    <TestEntry testId="48400ba1-cf1a-a465-e127-42b466ef6f9d" executionId="dfaca83a-9a69-440c-ac5c-80b63bace2dc" testListId="8c84fa94-04c1-424b-9868-57a2d4851a1d" />
  </TestEntries>
  <TestLists>
    <TestList name="Results Not in a List" id="8c84fa94-04c1-424b-9868-57a2d4851a1d" />
    <TestList name="All Loaded Results" id="19431567-8539-422a-85d7-44ee4e166bda" />
  </TestLists>
  <ResultSummary outcome="Failed">
    <Counters total="2" executed="2" passed="0" failed="2" error="0" timeout="0" aborted="0" inconclusive="0" passedButRunAborted="0" notRunnable="0" notExecuted="0" disconnected="0" warning="0" completed="0" inProgress="0" pending="0" />
    <Output>
      <StdOut>NUnit Adapter 6.1.0.0: Test execution started&#xD;
Running all tests in C:\Users\dines\OneDrive\Desktop\ERP\ERP_frontend\tests\E2E\ERP.E2E.Tests\bin\Debug\net9.0\ERP.E2E.Tests.dll&#xD;
   NUnit3TestExecutor discovered 2 of 2 NUnit test cases using Current Discovery mode, Non-Explicit run&#xD;
NUnit Adapter 6.1.0.0: Test execution complete&#xD;
</StdOut>
    </Output>
    <RunInfos>
      <RunInfo computerName="MSI" outcome="Warning" timestamp="2026-04-05T22:39:06.0243166+05:30">
        <Text>22:39:05.883 ERROR SeleniumManager: error decoding response body</Text>
      </RunInfo>
      <RunInfo computerName="MSI" outcome="Warning" timestamp="2026-04-05T22:44:24.1079231+05:30">
        <Text>22:44:24.014 ERROR SeleniumManager: error decoding response body</Text>
      </RunInfo>
    </RunInfos>
  </ResultSummary>
</TestRun>